1406398331418|-1||debug||com.p6spy.engine.common.P6SpyOptions reloading properties
1406398331423|-1||info||Using properties file: /home/meena/code/githubproj/spring/pizzashophibernate/target/classes/spy.properties
1406398331423|-1||info||No value in environment for: getFilter, using: false
1406398331423|-1||info||No value in environment for: getAppender, using: com.p6spy.engine.logging.appender.FileLogger
1406398331423|-1||info||No value in environment for: getExecutionThreshold, using: 0
1406398331423|-1||info||No value in environment for: getAutoflush, using: true
1406398331423|-1||info||No value in environment for: getExclude, using: 
1406398331423|-1||info||No value in environment for: getExcludecategories, using: info,debug,result,batch
1406398331423|-1||info||No value in environment for: getInclude, using: 
1406398331423|-1||info||No value in environment for: getIncludecategories, using: 
1406398331423|-1||info||No value in environment for: getLogfile, using: spy.log
1406398331424|-1||info||No value in environment for: getRealdriver, using: com.mysql.jdbc.Driver
1406398331424|-1||info||No value in environment for: getRealdriver2, using: 
1406398331424|-1||info||No value in environment for: getRealdriver3, using: 
1406398331424|-1||info||No value in environment for: getAppend, using: true
1406398331424|-1||info||No value in environment for: getSpydriver, using: com.p6spy.engine.spy.P6SpyDriver
1406398331424|-1||info||No value in environment for: getDateformat, using: 
1406398331424|-1||info||No value in environment for: getDateformatter, using: null
1406398331424|-1||info||No value in environment for: getStringmatcher, using: com.p6spy.engine.common.SubstringMatcher
1406398331424|-1||info||No value in environment for: getStringMatcherEngine, using: com.p6spy.engine.common.SubstringMatcher@6c2ed0cd
1406398331424|-1||info||No value in environment for: getStackTraceClass, using: 
1406398331424|-1||info||No value in environment for: getSQLExpression, using: null
1406398331424|-1||info||No value in environment for: getReloadProperties, using: false
1406398331425|-1||info||No value in environment for: getReloadPropertiesInterval, using: 60
1406398331425|-1||info||No value in environment for: getDeregisterDrivers, using: false
1406398331425|-1||info||No value in environment for: getUsePrefix, using: false
1406398331425|-1||info||No value in environment for: getJNDIContextFactory, using: null
1406398331425|-1||info||No value in environment for: getJNDIContextProviderURL, using: null
1406398331425|-1||info||No value in environment for: getJNDIContextCustom, using: null
1406398331425|-1||info||No value in environment for: getRealDataSource, using: null
1406398331425|-1||info||No value in environment for: getRealDataSourceClass, using: null
1406398331425|-1||info||No value in environment for: getRealDataSourceProperties, using: null
1406398331425|-1||info||No value in environment for: getStackTrace, using: false
1406398331435|-1||error||driver com.mysql.jdbc.Driver is a real driver in spy.properties, but it has been loaded before p6spy.  p6spy will not wrap these connections.  Either prevent the driver from loading, or try setting 'deregisterdrivers' to true in spy.properties
1406398332835|1|0|statement|insert into item (name, version) values (?, ?)|insert into item (name, version) values ('test', 0)
1406398332868|12|0|statement|select item0_.id as id1_1_0_, item0_.name as name2_1_0_, item0_.version as version3_1_0_ from item item0_ where item0_.id=?|select item0_.id as id1_1_0_, item0_.name as name2_1_0_, item0_.version as version3_1_0_ from item item0_ where item0_.id=4
1406398332872|-1||resultset|select item0_.id as id1_1_0_, item0_.name as name2_1_0_, item0_.version as version3_1_0_ from item item0_ where item0_.id=4|name2_1_0_ = new name
1406398332961|79|0|commit||
